tar -xf pep517-0.12.0.tar.gz
/usr/lib/python3.11/site-packages/setuptools/_distutils/cmd.py:66: SetuptoolsDeprecationWarning: setup.py install is deprecated.
!!

        ********************************************************************************
        Please avoid running ``setup.py`` directly.
        Instead, use pypa/build, pypa/installer or other
        standards-based tools.

        See https://blog.ganssle.io/articles/2021/10/setup-py-deprecated.html for details.
        ********************************************************************************

!!
  self.initialize_options()
listing git files failed - pretending there aren't any
/repo/x86_64/slint-15.0/source/python-pep517_3.11/pkg:
total 0
drwxr-xr-x 1 root root 20 mai   27 13:17 install
drwxr-xr-x 1 root root 18 mai   27 13:17 usr

/repo/x86_64/slint-15.0/source/python-pep517_3.11/pkg/install:
total 4
-rw-r--r-- 1 root root 285 mai   27 13:17 slack-desc

/repo/x86_64/slint-15.0/source/python-pep517_3.11/pkg/usr:
total 0
drwxr-xr-x 1 root root 50 mai   27 13:17 doc
drwxr-xr-x 1 root root 20 mai   27 13:17 lib
drwxr-xr-x 1 root root 50 mai   27 13:17 src

/repo/x86_64/slint-15.0/source/python-pep517_3.11/pkg/usr/doc:
total 0
drwxr-xr-x 1 root root 14 mai   27 13:17 python-pep517_3.11-0.12.0

/repo/x86_64/slint-15.0/source/python-pep517_3.11/pkg/usr/doc/python-pep517_3.11-0.12.0:
total 4
-rw-r--r-- 1 root root 1081 mai   27 13:17 LICENSE

/repo/x86_64/slint-15.0/source/python-pep517_3.11/pkg/usr/lib:
total 0
drwxr-xr-x 1 root root 26 mai   27 13:17 python3.11

/repo/x86_64/slint-15.0/source/python-pep517_3.11/pkg/usr/lib/python3.11:
total 0
drwxr-xr-x 1 root root 70 mai   27 13:17 site-packages

/repo/x86_64/slint-15.0/source/python-pep517_3.11/pkg/usr/lib/python3.11/site-packages:
total 0
drwxr-xr-x 1 root root 216 mai   27 13:17 pep517
drwxr-xr-x 1 root root 128 mai   27 13:17 pep517-0.12.0-py3.11.egg-info

/repo/x86_64/slint-15.0/source/python-pep517_3.11/pkg/usr/lib/python3.11/site-packages/pep517:
total 60
-rw-r--r-- 1 root root   130 oct.  18  2021 __init__.py
drwxr-xr-x 1 root root   924 mai   27 13:17 __pycache__
-rw-r--r-- 1 root root  3457 oct.  18  2021 build.py
-rw-r--r-- 1 root root  6084 oct.  18  2021 check.py
-rw-r--r-- 1 root root  4098 oct.  18  2021 colorlog.py
-rw-r--r-- 1 root root  1229 oct.  18  2021 compat.py
-rw-r--r-- 1 root root  1129 oct.  18  2021 dirtools.py
-rw-r--r-- 1 root root  6100 oct.  18  2021 envbuild.py
drwxr-xr-x 1 root root    72 mai   27 13:17 in_process
-rw-r--r-- 1 root root  2463 oct.  18  2021 meta.py
-rw-r--r-- 1 root root 13429 oct.  18  2021 wrappers.py

/repo/x86_64/slint-15.0/source/python-pep517_3.11/pkg/usr/lib/python3.11/site-packages/pep517/__pycache__:
total 152
-rw-r--r-- 1 root root   305 mai   27 13:17 __init__.cpython-311.opt-1.pyc
-rw-r--r-- 1 root root   305 mai   27 13:17 __init__.cpython-311.pyc
-rw-r--r-- 1 root root  6618 mai   27 13:17 build.cpython-311.opt-1.pyc
-rw-r--r-- 1 root root  6618 mai   27 13:17 build.cpython-311.pyc
-rw-r--r-- 1 root root 11769 mai   27 13:17 check.cpython-311.opt-1.pyc
-rw-r--r-- 1 root root 11769 mai   27 13:17 check.cpython-311.pyc
-rw-r--r-- 1 root root  4994 mai   27 13:17 colorlog.cpython-311.opt-1.pyc
-rw-r--r-- 1 root root  4994 mai   27 13:17 colorlog.cpython-311.pyc
-rw-r--r-- 1 root root  2791 mai   27 13:17 compat.cpython-311.opt-1.pyc
-rw-r--r-- 1 root root  2791 mai   27 13:17 compat.cpython-311.pyc
-rw-r--r-- 1 root root  2355 mai   27 13:17 dirtools.cpython-311.opt-1.pyc
-rw-r--r-- 1 root root  2355 mai   27 13:17 dirtools.cpython-311.pyc
-rw-r--r-- 1 root root  7478 mai   27 13:17 envbuild.cpython-311.opt-1.pyc
-rw-r--r-- 1 root root  7478 mai   27 13:17 envbuild.cpython-311.pyc
-rw-r--r-- 1 root root  5633 mai   27 13:17 meta.cpython-311.opt-1.pyc
-rw-r--r-- 1 root root  5633 mai   27 13:17 meta.cpython-311.pyc
-rw-r--r-- 1 root root 18277 mai   27 13:17 wrappers.cpython-311.opt-1.pyc
-rw-r--r-- 1 root root 18277 mai   27 13:17 wrappers.cpython-311.pyc

/repo/x86_64/slint-15.0/source/python-pep517_3.11/pkg/usr/lib/python3.11/site-packages/pep517/in_process:
total 16
-rw-r--r-- 1 root root   563 oct.  18  2021 __init__.py
drwxr-xr-x 1 root root   228 mai   27 13:17 __pycache__
-rw-r--r-- 1 root root 11201 oct.  18  2021 _in_process.py

/repo/x86_64/slint-15.0/source/python-pep517_3.11/pkg/usr/lib/python3.11/site-packages/pep517/in_process/__pycache__:
total 48
-rw-r--r-- 1 root root  1259 mai   27 13:17 __init__.cpython-311.opt-1.pyc
-rw-r--r-- 1 root root  1259 mai   27 13:17 __init__.cpython-311.pyc
-rw-r--r-- 1 root root 17307 mai   27 13:17 _in_process.cpython-311.opt-1.pyc
-rw-r--r-- 1 root root 17307 mai   27 13:17 _in_process.cpython-311.pyc

/repo/x86_64/slint-15.0/source/python-pep517_3.11/pkg/usr/lib/python3.11/site-packages/pep517-0.12.0-py3.11.egg-info:
total 20
-rw-r--r-- 1 root root 435 mai   27 13:17 PKG-INFO
-rw-r--r-- 1 root root 557 mai   27 13:17 SOURCES.txt
-rw-r--r-- 1 root root   1 mai   27 13:17 dependency_links.txt
-rw-r--r-- 1 root root 118 mai   27 13:17 requires.txt
-rw-r--r-- 1 root root   7 mai   27 13:17 top_level.txt

/repo/x86_64/slint-15.0/source/python-pep517_3.11/pkg/usr/src:
total 0
drwxr-xr-x 1 root root 16 mai   27 13:17 python-pep517_3.11-0.12.0

/repo/x86_64/slint-15.0/source/python-pep517_3.11/pkg/usr/src/python-pep517_3.11-0.12.0:
total 4
-rw-r--r-- 1 root root 1070 mai   27 13:17 SLKBUILD

Slackware package maker, version 3.14159265.

Searching for symbolic links:

No symbolic links were found, so we won't make an installation script.
You can make your own later in ./install/doinst.sh and rebuild the
package if you like.

This next step is optional - you can set the directories in your package
to some sane permissions. If any of the directories in your package have
special permissions, then DO NOT reset them here!

Would you like to reset all directory permissions to 755 (drwxr-xr-x) and
directory ownerships to root.root ([y]es, [n]o)? 
n

Creating Slackware package:  /repo/x86_64/slint-15.0/source/python-pep517_3.11/python-pep517_3.11-0.12.0-x86_64-5slint.txz

./
install/
install/slack-desc
usr/
usr/doc/
usr/doc/python-pep517_3.11-0.12.0/
usr/doc/python-pep517_3.11-0.12.0/LICENSE
usr/lib/
usr/lib/python3.11/
usr/lib/python3.11/site-packages/
usr/lib/python3.11/site-packages/pep517/
usr/lib/python3.11/site-packages/pep517-0.12.0-py3.11.egg-info/
usr/lib/python3.11/site-packages/pep517-0.12.0-py3.11.egg-info/PKG-INFO
usr/lib/python3.11/site-packages/pep517-0.12.0-py3.11.egg-info/SOURCES.txt
usr/lib/python3.11/site-packages/pep517-0.12.0-py3.11.egg-info/dependency_links.txt
usr/lib/python3.11/site-packages/pep517-0.12.0-py3.11.egg-info/requires.txt
usr/lib/python3.11/site-packages/pep517-0.12.0-py3.11.egg-info/top_level.txt
usr/lib/python3.11/site-packages/pep517/__init__.py
usr/lib/python3.11/site-packages/pep517/__pycache__/
usr/lib/python3.11/site-packages/pep517/__pycache__/__init__.cpython-311.opt-1.pyc
usr/lib/python3.11/site-packages/pep517/__pycache__/__init__.cpython-311.pyc
usr/lib/python3.11/site-packages/pep517/__pycache__/build.cpython-311.opt-1.pyc
usr/lib/python3.11/site-packages/pep517/__pycache__/build.cpython-311.pyc
usr/lib/python3.11/site-packages/pep517/__pycache__/check.cpython-311.opt-1.pyc
usr/lib/python3.11/site-packages/pep517/__pycache__/check.cpython-311.pyc
usr/lib/python3.11/site-packages/pep517/__pycache__/colorlog.cpython-311.opt-1.pyc
usr/lib/python3.11/site-packages/pep517/__pycache__/colorlog.cpython-311.pyc
usr/lib/python3.11/site-packages/pep517/__pycache__/compat.cpython-311.opt-1.pyc
usr/lib/python3.11/site-packages/pep517/__pycache__/compat.cpython-311.pyc
usr/lib/python3.11/site-packages/pep517/__pycache__/dirtools.cpython-311.opt-1.pyc
usr/lib/python3.11/site-packages/pep517/__pycache__/dirtools.cpython-311.pyc
usr/lib/python3.11/site-packages/pep517/__pycache__/envbuild.cpython-311.opt-1.pyc
usr/lib/python3.11/site-packages/pep517/__pycache__/envbuild.cpython-311.pyc
usr/lib/python3.11/site-packages/pep517/__pycache__/meta.cpython-311.opt-1.pyc
usr/lib/python3.11/site-packages/pep517/__pycache__/meta.cpython-311.pyc
usr/lib/python3.11/site-packages/pep517/__pycache__/wrappers.cpython-311.opt-1.pyc
usr/lib/python3.11/site-packages/pep517/__pycache__/wrappers.cpython-311.pyc
usr/lib/python3.11/site-packages/pep517/build.py
usr/lib/python3.11/site-packages/pep517/check.py
usr/lib/python3.11/site-packages/pep517/colorlog.py
usr/lib/python3.11/site-packages/pep517/compat.py
usr/lib/python3.11/site-packages/pep517/dirtools.py
usr/lib/python3.11/site-packages/pep517/envbuild.py
usr/lib/python3.11/site-packages/pep517/in_process/
usr/lib/python3.11/site-packages/pep517/in_process/__init__.py
usr/lib/python3.11/site-packages/pep517/in_process/__pycache__/
usr/lib/python3.11/site-packages/pep517/in_process/__pycache__/__init__.cpython-311.opt-1.pyc
usr/lib/python3.11/site-packages/pep517/in_process/__pycache__/__init__.cpython-311.pyc
usr/lib/python3.11/site-packages/pep517/in_process/__pycache__/_in_process.cpython-311.opt-1.pyc
usr/lib/python3.11/site-packages/pep517/in_process/__pycache__/_in_process.cpython-311.pyc
usr/lib/python3.11/site-packages/pep517/in_process/_in_process.py
usr/lib/python3.11/site-packages/pep517/meta.py
usr/lib/python3.11/site-packages/pep517/wrappers.py
usr/src/
usr/src/python-pep517_3.11-0.12.0/
usr/src/python-pep517_3.11-0.12.0/SLKBUILD

Slackware package /repo/x86_64/slint-15.0/source/python-pep517_3.11/python-pep517_3.11-0.12.0-x86_64-5slint.txz created.
Package has been built.
