tar -xf kbd-2.6.3.tar.xz
patching file data/keymaps/i386/include/euro2.map
checking for a BSD-compatible install... /usr/bin/ginstall -c
checking whether build environment is sane... yes
checking for a race-free mkdir -p... /usr/bin/mkdir -p
checking for gawk... gawk
checking whether make sets $(MAKE)... yes
checking whether make supports nested variables... yes
checking for pkg-config... /usr/bin/pkg-config
checking pkg-config is at least version 0.9.0... yes
checking whether to build with code coverage support... no
checking whether make supports nested variables... (cached) yes
checking for gcc... gcc
checking whether the C compiler works... yes
checking for C compiler default output file name... a.out
checking for suffix of executables... 
checking whether we are cross compiling... no
checking for suffix of object files... o
checking whether the compiler supports GNU C... yes
checking whether gcc accepts -g... yes
checking for gcc option to enable C11 features... none needed
checking whether gcc understands -c and -o together... yes
checking whether make supports the include directive... yes (GNU style)
checking dependency style of gcc... gcc3
checking for bison... bison -y
checking for flex... flex
checking for lex output file root... lex.yy
checking for lex library... none needed
checking whether yytext is a pointer... yes
checking for a sed that does not truncate output... /usr/bin/sed
checking whether ln -s works... yes
checking whether make sets $(MAKE)... (cached) yes
checking build system type... x86_64-pc-linux-gnu
checking host system type... x86_64-pc-linux-gnu
checking for ar... ar
checking the archiver (ar) interface... ar
checking how to print strings... printf
checking for a sed that does not truncate output... (cached) /usr/bin/sed
checking for grep that handles long lines and -e... /usr/bin/grep
checking for egrep... /usr/bin/grep -E
checking for fgrep... /usr/bin/grep -F
checking for ld used by gcc... /usr/bin/ld
checking if the linker (/usr/bin/ld) is GNU ld... yes
checking for BSD- or MS-compatible name lister (nm)... /usr/bin/nm -B
checking the name lister (/usr/bin/nm -B) interface... BSD nm
checking the maximum length of command line arguments... 1572864
checking how to convert x86_64-pc-linux-gnu file names to x86_64-pc-linux-gnu format... func_convert_file_noop
checking how to convert x86_64-pc-linux-gnu file names to toolchain format... func_convert_file_noop
checking for /usr/bin/ld option to reload object files... -r
checking for file... file
checking for objdump... objdump
checking how to recognize dependent libraries... pass_all
checking for dlltool... dlltool
checking how to associate runtime and link libraries... printf %s\n
checking for archiver @FILE support... @
checking for strip... strip
checking for ranlib... ranlib
checking command to parse /usr/bin/nm -B output from gcc object... ok
checking for sysroot... no
checking for a working dd... /usr/bin/dd
checking how to truncate binary pipes... /usr/bin/dd bs=4096 count=1
checking for mt... mt
checking if mt is a manifest tool... no
checking for stdio.h... yes
checking for stdlib.h... yes
checking for string.h... yes
checking for inttypes.h... yes
checking for stdint.h... yes
checking for strings.h... yes
checking for sys/stat.h... yes
checking for sys/types.h... yes
checking for unistd.h... yes
checking for vfork.h... no
checking for dlfcn.h... yes
checking for objdir... .libs
checking if gcc supports -fno-rtti -fno-exceptions... no
checking for gcc option to produce PIC... -fPIC -DPIC
checking if gcc PIC flag -fPIC -DPIC works... yes
checking if gcc static flag -static works... yes
checking if gcc supports -c -o file.o... yes
checking if gcc supports -c -o file.o... (cached) yes
checking whether the gcc linker (/usr/bin/ld -m elf_x86_64) supports shared libraries... yes
checking whether -lc should be explicitly linked in... no
checking dynamic linker characteristics... GNU/Linux ld.so
checking how to hardcode library paths into programs... immediate
checking whether stripping libraries is possible... yes
checking if libtool supports shared libraries... yes
checking whether to build shared libraries... yes
checking whether to build static libraries... yes
checking whether NLS is requested... yes
checking for msgfmt... /usr/bin/msgfmt
checking for gmsgfmt... /usr/bin/msgfmt
checking for xgettext... /usr/bin/xgettext
checking for msgmerge... /usr/bin/msgmerge
checking for ld used by gcc... /usr/bin/ld -m elf_x86_64
checking if the linker (/usr/bin/ld -m elf_x86_64) is GNU ld... yes
checking for shared library run path origin... done
checking how to run the C preprocessor... gcc -E
checking for CFPreferencesCopyAppValue... no
checking for CFLocaleCopyCurrent... no
checking for GNU gettext in libc... yes
checking whether to use NLS... yes
checking where the gettext function comes from... libc
checking for dirent.h that defines DIR... yes
checking for library containing opendir... none required
checking for sys/wait.h that is POSIX.1 compatible... yes
checking for fcntl.h... yes
checking for libintl.h... yes
checking for locale.h... yes
checking for memory.h... yes
checking for stdlib.h... (cached) yes
checking for string.h... (cached) yes
checking for sys/file.h... yes
checking for sys/ioctl.h... yes
checking for termios.h... yes
checking for unistd.h... (cached) yes
checking for an ANSI C-conforming const... yes
checking for inline... inline
checking for size_t... yes
checking whether struct tm is in sys/time.h or time.h... time.h
checking for uid_t in sys/types.h... yes
checking whether gcc needs -traditional... no
checking for working chown... yes
checking whether closedir returns void... no
checking for pid_t... yes
checking for fork... yes
checking for vfork... yes
checking for working fork... yes
checking for working vfork... (cached) yes
checking whether lstat correctly handles trailing slash... yes
checking whether stat accepts an empty string... no
checking for alarm... yes
checking for memset... yes
checking for setlocale... yes
checking for strcasecmp... yes
checking for strchr... yes
checking for strdup... yes
checking for strerror... yes
checking for strspn... yes
checking for strstr... yes
checking for strtol... yes
checking for strtoul... yes
checking for setpgrp... yes
checking for malloc... yes
checking for realloc... yes
checking for library containing timer_create... -lrt
checking if gcc supports -Waggregate-return flag... yes
checking if gcc supports -Wall flag... yes
checking if gcc supports -Wcast-align flag... yes
checking if gcc supports -Wconversion flag... yes
checking if gcc supports -Wdisabled-optimization flag... yes
checking if gcc supports -Wextra flag... yes
checking if gcc supports -Wmissing-declarations flag... yes
checking if gcc supports -Wmissing-format-attribute flag... yes
checking if gcc supports -Wmissing-noreturn flag... yes
checking if gcc supports -Wmissing-prototypes flag... yes
checking if gcc supports -Wpointer-arith flag... yes
checking if gcc supports -Wredundant-decls flag... yes
checking if gcc supports -Wshadow flag... yes
checking if gcc supports -Wstrict-prototypes flag... yes
checking if gcc supports -Wwrite-strings flag... yes
checking for pam_start in -lpam... yes
checking for security/pam_appl.h... yes
checking for misc_conv in -lpam_misc... yes
checking for security/pam_misc.h... yes
checking for doxygen... yes
checking that generated files are newer than configure... done
configure: creating ./config.status
config.status: creating Makefile
config.status: creating data/Makefile
config.status: creating docs/Makefile
config.status: creating docs/man/Makefile
config.status: creating docs/man/man1/Makefile
config.status: creating docs/man/man1/dumpkeys.1
config.status: creating docs/man/man1/loadkeys.1
config.status: creating docs/man/man1misc/Makefile
config.status: creating docs/man/man5/Makefile
config.status: creating docs/man/man8/Makefile
config.status: creating docs/man/man8/loadunimap.8
config.status: creating docs/man/man8/mapscrn.8
config.status: creating docs/man/man8/setfont.8
config.status: creating docs/man/man8misc/Makefile
config.status: creating docs/reference/Makefile
config.status: creating docs/reference/libkeymap/Makefile
config.status: creating po/Makefile.in
config.status: creating src/Makefile
config.status: creating src/libcommon/Makefile
config.status: creating src/libkbdfile/Makefile
config.status: creating src/libkfont/Makefile
config.status: creating src/libkeymap/Makefile
config.status: creating src/vlock/Makefile
config.status: creating tests/helpers/Makefile
config.status: creating tests/libkbdfile/Makefile
config.status: creating tests/libkeymap/Makefile
config.status: creating tests/Makefile
config.status: creating config.h
config.status: executing tests/atconfig commands
config.status: executing depfiles commands
config.status: executing libtool commands
config.status: executing po-directories commands
config.status: creating po/POTFILES
config.status: creating po/Makefile

	kbd 2.6.3
	======

	prefix:                 /usr
	libdir:                 ${exec_prefix}/lib
	bindir:                 ${exec_prefix}/bin
	datadir:                /usr/share/kbd

	compiler:               gcc
	cflags:                 -O2 -D_FORTIFY_SOURCE=2 -O2 -fPIC -Waggregate-return -Wall -Wcast-align -Wconversion -Wdisabled-optimization -Wextra -Wmissing-declarations -Wmissing-format-attribute -Wmissing-noreturn -Wmissing-prototypes -Wpointer-arith -Wredundant-decls -Wshadow -Wstrict-prototypes -Wwrite-strings

	{get,set}keycodes:      yes
	resizecons:             yes
	optional progs:         yes
	vlock:                  yes
	libkbdfile:             no
	libkeymap:              no
	libkfont:               no

