tar -xf patch-ng-1.19.0.tar.gz
running build
running build_py
creating build
creating build/lib
copying patch_ng.py -> build/lib
running install
running build
running build_py
running install_lib
creating /repo/x86_64/slint-15.0/source/python-patch-ng/pkg/usr/lib64
creating /repo/x86_64/slint-15.0/source/python-patch-ng/pkg/usr/lib64/python3.9
creating /repo/x86_64/slint-15.0/source/python-patch-ng/pkg/usr/lib64/python3.9/site-packages
copying build/lib/patch_ng.py -> /repo/x86_64/slint-15.0/source/python-patch-ng/pkg/usr/lib64/python3.9/site-packages
byte-compiling /repo/x86_64/slint-15.0/source/python-patch-ng/pkg/usr/lib64/python3.9/site-packages/patch_ng.py to patch_ng.cpython-39.pyc
writing byte-compilation script '/tmp/tmpwu8x2cz0.py'
/usr/bin/python3 /tmp/tmpwu8x2cz0.py
removing /tmp/tmpwu8x2cz0.py
running install_egg_info
running egg_info
writing patch_ng.egg-info/PKG-INFO
writing dependency_links to patch_ng.egg-info/dependency_links.txt
writing top-level names to patch_ng.egg-info/top_level.txt
reading manifest file 'patch_ng.egg-info/SOURCES.txt'
adding license file 'LICENSE'
writing manifest file 'patch_ng.egg-info/SOURCES.txt'
Copying patch_ng.egg-info to /repo/x86_64/slint-15.0/source/python-patch-ng/pkg/usr/lib64/python3.9/site-packages/patch_ng-1.19.0-py3.9.egg-info
running install_scripts
/repo/x86_64/slint-15.0/source/python-patch-ng/pkg:
total 0
drwxr-xr-x 1 root root 20 déc.  18 14:51 install
drwxr-xr-x 1 root root 16 déc.  18 14:51 usr

/repo/x86_64/slint-15.0/source/python-patch-ng/pkg/install:
total 4
-rw-r--r-- 1 root root 256 déc.  18 14:51 slack-desc

/repo/x86_64/slint-15.0/source/python-patch-ng/pkg/usr:
total 0
drwxr-xr-x 1 root root 18 déc.  18 14:51 lib64
drwxr-xr-x 1 root root 44 déc.  18 14:51 src

/repo/x86_64/slint-15.0/source/python-patch-ng/pkg/usr/lib64:
total 0
drwxr-xr-x 1 root root 26 déc.  18 14:51 python3.9

/repo/x86_64/slint-15.0/source/python-patch-ng/pkg/usr/lib64/python3.9:
total 0
drwxr-xr-x 1 root root 104 déc.  18 14:51 site-packages

/repo/x86_64/slint-15.0/source/python-patch-ng/pkg/usr/lib64/python3.9/site-packages:
total 52
drwxr-xr-x 1 root root   104 déc.  18 14:51 __pycache__
drwxr-xr-x 1 root root   104 déc.  18 14:51 patch_ng-1.19.0-py3.9.egg-info
-rw-r--r-- 1 root root 49197 oct.   8 17:15 patch_ng.py

/repo/x86_64/slint-15.0/source/python-patch-ng/pkg/usr/lib64/python3.9/site-packages/__pycache__:
total 64
-rw-r--r-- 1 root root 32541 déc.  18 14:51 patch_ng.cpython-39.opt-1.pyc
-rw-r--r-- 1 root root 32541 déc.  18 14:51 patch_ng.cpython-39.pyc

/repo/x86_64/slint-15.0/source/python-patch-ng/pkg/usr/lib64/python3.9/site-packages/patch_ng-1.19.0-py3.9.egg-info:
total 16
-rw-r--r-- 1 root root 3028 déc.  18 14:51 PKG-INFO
-rw-r--r-- 1 root root  191 déc.  18 14:51 SOURCES.txt
-rw-r--r-- 1 root root    1 déc.  18 14:51 dependency_links.txt
-rw-r--r-- 1 root root    9 déc.  18 14:51 top_level.txt

/repo/x86_64/slint-15.0/source/python-patch-ng/pkg/usr/src:
total 0
drwxr-xr-x 1 root root 16 déc.  18 14:51 python-patch-ng-1.19.0

/repo/x86_64/slint-15.0/source/python-patch-ng/pkg/usr/src/python-patch-ng-1.19.0:
total 4
-rw-r--r-- 1 root root 786 déc.  18 14:51 SLKBUILD

Slackware package maker, version 3.14159265.

Searching for symbolic links:

No symbolic links were found, so we won't make an installation script.
You can make your own later in ./install/doinst.sh and rebuild the
package if you like.

This next step is optional - you can set the directories in your package
to some sane permissions. If any of the directories in your package have
special permissions, then DO NOT reset them here!

Would you like to reset all directory permissions to 755 (drwxr-xr-x) and
directory ownerships to root:root ([y]es, [n]o)? n


Creating Slackware package:  /repo/x86_64/slint-15.0/source/python-patch-ng/python-patch-ng-1.19.0-x86_64-slint.txz

./
install/
install/slack-desc
usr/
usr/lib64/
usr/lib64/python3.9/
usr/lib64/python3.9/site-packages/
usr/lib64/python3.9/site-packages/__pycache__/
usr/lib64/python3.9/site-packages/__pycache__/patch_ng.cpython-39.opt-1.pyc
usr/lib64/python3.9/site-packages/__pycache__/patch_ng.cpython-39.pyc
usr/lib64/python3.9/site-packages/patch_ng-1.19.0-py3.9.egg-info/
usr/lib64/python3.9/site-packages/patch_ng-1.19.0-py3.9.egg-info/PKG-INFO
usr/lib64/python3.9/site-packages/patch_ng-1.19.0-py3.9.egg-info/SOURCES.txt
usr/lib64/python3.9/site-packages/patch_ng-1.19.0-py3.9.egg-info/dependency_links.txt
usr/lib64/python3.9/site-packages/patch_ng-1.19.0-py3.9.egg-info/top_level.txt
usr/lib64/python3.9/site-packages/patch_ng.py
usr/src/
usr/src/python-patch-ng-1.19.0/
usr/src/python-patch-ng-1.19.0/SLKBUILD

Slackware package /repo/x86_64/slint-15.0/source/python-patch-ng/python-patch-ng-1.19.0-x86_64-slint.txz created.

Package has been built.
